<?xml version="1.0" encoding="UTF-8"?>
<!-- Generated by org.testng.reporters.JUnitReportReporter -->
<testsuite hostname="DESKTOP-C32PGNL" failures="0" tests="2" name="logintestrun" time="2.589" errors="0" timestamp="2022-06-30T15:23:13 BDT" skipped="0">
  <testcase classname="logintestrun" name="verifylogin" time="1.240"/>
  <system-out/>
  <testcase classname="logintestrun" name="loginrun" time="1.349"/>
  <system-out/>
</testsuite> <!-- logintestrun -->
